TN:
SF:/Users/jwainwright/Dropbox/me/git-docs/oss/postmate/src/postmate.js
FN:31,messageId
FN:39,log
FN:49,resolveOrigin
FN:61,sanitize
FN:84,resolveValue
FN:96,(anonymous_5)
FN:107,(anonymous_6)
FN:122,(anonymous_7)
FN:123,(anonymous_8)
FN:126,(anonymous_9)
FN:146,(anonymous_10)
FN:156,(anonymous_11)
FN:160,(anonymous_12)
FN:173,(anonymous_13)
FN:182,(anonymous_14)
FN:197,(anonymous_15)
FN:207,(anonymous_16)
FN:229,(anonymous_17)
FN:242,(anonymous_18)
FN:262,(anonymous_19)
FN:266,(anonymous_20)
FN:267,(anonymous_21)
FN:286,(anonymous_22)
FN:300,(anonymous_23)
FN:328,(anonymous_24)
FN:339,(anonymous_25)
FN:340,(anonymous_26)
FN:341,(anonymous_27)
FNF:28
FNH:1
FNDA:0,messageId
FNDA:0,log
FNDA:0,resolveOrigin
FNDA:0,sanitize
FNDA:0,resolveValue
FNDA:0,(anonymous_5)
FNDA:0,(anonymous_6)
FNDA:0,(anonymous_7)
FNDA:0,(anonymous_8)
FNDA:0,(anonymous_9)
FNDA:0,(anonymous_10)
FNDA:0,(anonymous_11)
FNDA:0,(anonymous_12)
FNDA:0,(anonymous_13)
FNDA:0,(anonymous_14)
FNDA:0,(anonymous_15)
FNDA:0,(anonymous_16)
FNDA:1,(anonymous_17)
FNDA:0,(anonymous_18)
FNDA:0,(anonymous_19)
FNDA:0,(anonymous_20)
FNDA:0,(anonymous_21)
FNDA:0,(anonymous_22)
FNDA:0,(anonymous_23)
FNDA:0,(anonymous_24)
FNDA:0,(anonymous_25)
FNDA:0,(anonymous_26)
FNDA:0,(anonymous_27)
DA:6,1
DA:13,1
DA:19,1
DA:25,1
DA:32,0
DA:40,0
DA:41,0
DA:50,0
DA:51,0
DA:52,0
DA:62,0
DA:63,0
DA:64,0
DA:65,0
DA:66,0
DA:72,0
DA:73,0
DA:85,0
DA:87,0
DA:97,0
DA:98,0
DA:99,0
DA:100,0
DA:102,0
DA:104,0
DA:105,0
DA:107,0
DA:108,0
DA:109,0
DA:110,0
DA:111,0
DA:112,0
DA:117,0
DA:118,0
DA:123,0
DA:125,0
DA:126,0
DA:127,0
DA:128,0
DA:129,0
DA:134,0
DA:137,0
DA:148,0
DA:157,0
DA:161,0
DA:162,0
DA:163,0
DA:174,0
DA:175,0
DA:176,0
DA:177,0
DA:179,0
DA:180,0
DA:182,0
DA:183,0
DA:184,0
DA:186,0
DA:188,0
DA:189,0
DA:190,0
DA:192,0
DA:196,0
DA:197,0
DA:208,0
DA:209,0
DA:230,1
DA:231,1
DA:233,0
DA:247,0
DA:248,0
DA:249,0
DA:250,0
DA:251,0
DA:252,0
DA:254,0
DA:263,0
DA:264,0
DA:266,0
DA:267,0
DA:268,0
DA:269,0
DA:270,0
DA:271,0
DA:272,0
DA:273,0
DA:274,0
DA:275,0
DA:280,0
DA:281,0
DA:284,0
DA:286,0
DA:287,0
DA:288,0
DA:289,0
DA:295,0
DA:296,0
DA:300,0
DA:301,0
DA:302,0
DA:305,0
DA:306,0
DA:308,0
DA:311,0
DA:312,0
DA:321,1
DA:329,0
DA:330,0
DA:331,0
DA:332,0
DA:340,0
DA:341,0
DA:342,0
DA:343,0
DA:345,0
DA:346,0
DA:347,0
DA:348,0
DA:349,0
DA:353,0
DA:356,0
DA:357,0
DA:358,0
DA:359,0
DA:360,0
DA:361,0
DA:364,0
DA:367,0
DA:368,0
DA:370,0
DA:372,0
LF:130
LH:7
BRDA:40,0,0,0
BRDA:40,0,1,0
BRDA:52,1,0,0
BRDA:52,1,1,0
BRDA:62,2,0,0
BRDA:62,2,1,0
BRDA:63,3,0,0
BRDA:63,3,1,0
BRDA:64,4,0,0
BRDA:64,4,1,0
BRDA:65,5,0,0
BRDA:65,5,1,0
BRDA:66,6,0,0
BRDA:66,6,1,0
BRDA:85,7,0,0
BRDA:85,7,1,0
BRDA:108,8,0,0
BRDA:108,8,1,0
BRDA:108,9,0,0
BRDA:108,9,1,0
BRDA:108,10,0,0
BRDA:108,10,1,0
BRDA:109,11,0,0
BRDA:109,11,1,0
BRDA:111,12,0,0
BRDA:111,12,1,0
BRDA:127,13,0,0
BRDA:127,13,1,0
BRDA:127,14,0,0
BRDA:127,14,1,0
BRDA:183,15,0,0
BRDA:183,15,1,0
BRDA:188,16,0,0
BRDA:188,16,1,0
BRDA:189,17,0,0
BRDA:189,17,1,0
BRDA:189,18,0,0
BRDA:189,18,1,0
BRDA:231,19,0,1
BRDA:231,19,1,0
BRDA:244,20,0,0
BRDA:244,21,0,0
BRDA:244,21,1,0
BRDA:251,22,0,0
BRDA:251,22,1,0
BRDA:252,23,0,0
BRDA:252,23,1,0
BRDA:268,24,0,0
BRDA:268,24,1,0
BRDA:269,25,0,0
BRDA:269,25,1,0
BRDA:295,26,0,0
BRDA:295,26,1,0
BRDA:305,27,0,0
BRDA:305,27,1,0
BRDA:342,28,0,0
BRDA:342,28,1,0
BRDA:345,29,0,0
BRDA:345,29,1,0
BRDA:357,30,0,0
BRDA:357,30,1,0
BRDA:360,31,0,0
BRDA:360,31,1,0
BRF:63
BRH:1
end_of_record
